#-----------------------------------------------------------
# Vivado v2019.2 (64-bit)
# SW Build 2700185 on Thu Oct 24 18:46:05 MDT 2019
# IP Build 2699827 on Thu Oct 24 21:16:38 MDT 2019
# Start of session at: Sat Nov 30 12:54:59 2019
# Process ID: 13308
# Current directory: D:/project/finder/parts/matrix_mul/work_vivado
# Command line: vivado.exe -gui_launcher_event rodinguilauncherevent13012 D:\project\finder\parts\matrix_mul\work_vivado\matrix_mul.xpr
# Log file: D:/project/finder/parts/matrix_mul/work_vivado/vivado.log
# Journal file: D:/project/finder/parts/matrix_mul/work_vivado\vivado.jou
#-----------------------------------------------------------
start_gui
open_project D:/project/finder/parts/matrix_mul/work_vivado/matrix_mul.xpr
Scanning sources...
Finished scanning sources
INFO: [IP_Flow 19-234] Refreshing IP repositories
INFO: [IP_Flow 19-1704] No user IP repositories specified
INFO: [IP_Flow 19-2313] Loaded Vivado IP repository 'D:/vivado/Vivado/2019.2/data/ip'.
open_project: Time (s): cpu = 00:00:21 ; elapsed = 00:00:23 . Memory (MB): peak = 895.984 ; gain = 229.215
update_compile_order -fileset sources_1
exit
INFO: [Common 17-206] Exiting Vivado at Sat Nov 30 12:58:53 2019...
